<?xml version="1.0" encoding="UTF-8"?>
<testng-results ignored="0" total="1" passed="1" failed="0" skipped="0">
  <reporter-output>
  </reporter-output>
  <suite started-at="2025-02-15T04:03:52 IST" name="Default suite" finished-at="2025-02-15T04:04:09 IST" duration-ms="17439">
    <groups>
    </groups>
    <test started-at="2025-02-15T04:03:52 IST" name="Default test" finished-at="2025-02-15T04:04:09 IST" duration-ms="17439">
      <class name="org.IntegratingDDT.Login">
        <test-method signature="login(java.lang.String,java.lang.String)[pri:0, instance:org.IntegratingDDT.Login@5876a9af]" started-at="2025-02-15T04:03:54 IST" name="login" data-provider="data" finished-at="2025-02-15T04:04:09 IST" duration-ms="15403" status="PASS">
          <params>
            <param index="0">
              <value>
                <![CDATA[r.ramcharan123@gmail.com]]>
              </value>
            </param>
            <param index="1">
              <value>
                <![CDATA[demowebshop]]>
              </value>
            </param>
          </params>
          <reporter-output>
          </reporter-output>
        </test-method> <!-- login -->
      </class> <!-- org.IntegratingDDT.Login -->
    </test> <!-- Default test -->
  </suite> <!-- Default suite -->
</testng-results>
